<?xml version="1.0" encoding="UTF-8"?>
<!-- Generated by org.testng.reporters.JUnitReportReporter -->
<testsuite hostname="TejaSwaroop" failures="0" tests="1" name="testpackage.DemoSiteTest" time="15.323" errors="0" timestamp="2022-11-29T11:52:29 GMT" skipped="0">
  <testcase classname="testpackage.DemoSiteTest" name="runScenario" time="15.323"/>
  <system-out/>
</testsuite> <!-- testpackage.DemoSiteTest -->
