<?xml version="1.0" encoding="UTF-8"?>
<!-- Generated by org.testng.reporters.JUnitReportReporter -->
<testsuite hostname="TejaSwaroop" failures="0" tests="1" name="testpackage.DemoSiteTest" time="15.259" errors="0" timestamp="2022-11-30T00:42:04 GMT" skipped="0">
  <testcase classname="testpackage.DemoSiteTest" name="runScenario" time="15.259"/>
  <system-out/>
</testsuite> <!-- testpackage.DemoSiteTest -->
