<?xml version="1.0" encoding="UTF-8"?>
<!-- Generated by org.testng.reporters.JUnitReportReporter -->
<testsuite hostname="TejaSwaroop" failures="0" tests="1" name="testpackage.DemoSiteTest" time="16.380" errors="0" timestamp="2022-12-05T23:20:23 GMT" skipped="0">
  <testcase classname="testpackage.DemoSiteTest" name="runScenario" time="16.380"/>
  <system-out/>
</testsuite> <!-- testpackage.DemoSiteTest -->
